current directory: /Users/saitouhayato/celeb_task/hiyari-system/vender/bundle/ruby/2.6.0/gems/msgpack-1.3.3/ext/msgpack
/Users/saitouhayato/.rbenv/versions/2.6.3/bin/ruby -I /Users/saitouhayato/.rbenv/versions/2.6.3/lib/ruby/2.6.0 -r ./siteconf20200519-17400-sfrq5.rb extconf.rb
checking for ruby/st.h... yes
checking for st.h... yes
checking for rb_str_replace() in ruby.h... yes
checking for rb_intern_str() in ruby.h... yes
checking for rb_sym2str() in ruby.h... yes
checking for rb_str_intern() in ruby.h... yes
checking for rb_block_lambda() in ruby.h... yes
checking for rb_hash_dup() in ruby.h... yes
checking for rb_hash_clear() in ruby.h... yes
creating Makefile

current directory: /Users/saitouhayato/celeb_task/hiyari-system/vender/bundle/ruby/2.6.0/gems/msgpack-1.3.3/ext/msgpack
make "DESTDIR=" clean

current directory: /Users/saitouhayato/celeb_task/hiyari-system/vender/bundle/ruby/2.6.0/gems/msgpack-1.3.3/ext/msgpack
make "DESTDIR="
compiling buffer.c
compiling buffer_class.c
compiling extension_value_class.c
compiling factory_class.c
compiling packer.c
compiling packer_class.c
compiling packer_ext_registry.c
compiling rbinit.c
compiling rmem.c
compiling unpacker.c
compiling unpacker_class.c
unpacker_class.c:216:14: warning: unused function 'Unpacker_peek_next_type' [-Wunused-function]
static VALUE Unpacker_peek_next_type(VALUE self)
             ^
1 warning generated.
compiling unpacker_ext_registry.c
linking shared-object msgpack/msgpack.bundle

current directory: /Users/saitouhayato/celeb_task/hiyari-system/vender/bundle/ruby/2.6.0/gems/msgpack-1.3.3/ext/msgpack
make "DESTDIR=" install
/usr/bin/install -c -m 0755 msgpack.bundle ./.gem.20200519-17400-g57fga/msgpack
