current directory: /Users/saitouhayato/celeb_task/hiyari-system/vender/bundle/ruby/2.6.0/gems/sqlite3-1.3.13/ext/sqlite3
/System/Library/Frameworks/Ruby.framework/Versions/2.6/usr/bin/ruby -I /Library/Ruby/Site/2.6.0 -r ./siteconf20200306-33241-k1dg5e.rb extconf.rb
checking for sqlite3.h... yes
checking for pthread_create() in -lpthread... yes
checking for sqlite3_libversion_number() in -lsqlite3... yes
checking for rb_proc_arity()... yes
checking for rb_integer_pack()... yes
checking for sqlite3_initialize()... yes
checking for sqlite3_backup_init()... yes
checking for sqlite3_column_database_name()... yes
checking for sqlite3_enable_load_extension()... no
checking for sqlite3_load_extension()... no
checking for sqlite3_open_v2()... yes
checking for sqlite3_prepare_v2()... yes
checking for sqlite3_int64 in sqlite3.h... yes
checking for sqlite3_uint64 in sqlite3.h... yes
creating Makefile

current directory: /Users/saitouhayato/celeb_task/hiyari-system/vender/bundle/ruby/2.6.0/gems/sqlite3-1.3.13/ext/sqlite3
make "DESTDIR=" clean

current directory: /Users/saitouhayato/celeb_task/hiyari-system/vender/bundle/ruby/2.6.0/gems/sqlite3-1.3.13/ext/sqlite3
make "DESTDIR="
compiling backup.c
compiling database.c
database.c:233:3: warning: 'sqlite3_trace' is deprecated: first deprecated in macOS 10.12 [-Wdeprecated-declarations]
  sqlite3_trace(ctx->db, NIL_P(block) ? NULL : tracefunc, (void *)self);
  ^~~~~~~~~~~~~
  sqlite3_trace_v2
/Applications/Xcode.app/Contents/Developer/Platforms/MacOSX.platform/Developer/SDKs/MacOSX.sdk/usr/include/sqlite3.h:3022:36: note: 'sqlite3_trace' has been explicitly marked deprecated here
SQLITE_API SQLITE_DEPRECATED void *sqlite3_trace(
                                   ^
1 warning generated.
compiling exception.c
compiling sqlite3.c
compiling statement.c
linking shared-object sqlite3/sqlite3_native.bundle
ld: warning: directory not found for option '-L/usr/local/Cellar/sqlite/3.31.1/lib'
ld: warning: directory not found for option '-L/Applications/Xcode.app/Contents/Developer/Platforms/MacOSX.platform/Developer/SDKs/MacOSX10.15.Internal.sdk/usr/local/lib'

current directory: /Users/saitouhayato/celeb_task/hiyari-system/vender/bundle/ruby/2.6.0/gems/sqlite3-1.3.13/ext/sqlite3
make "DESTDIR=" install
/usr/bin/install -c -m 0755 sqlite3_native.bundle ./.gem.20200306-33241-1qkfcbt/sqlite3
